<?xml version="1.0" encoding="UTF-8"?>
<testsuite xmlns:xsi="http://www.w3.org/2001/XMLSchema-instance" xsi:noNamespaceSchemaLocation="https://maven.apache.org/surefire/maven-surefire-plugin/xsd/surefire-test-report-3.0.xsd" version="3.0" name="EvenOddCheckerTest" time="0.004" tests="3" errors="0" skipped="0" failures="0">
  <properties>
[...]
</properties>
  <testcase name="checkZeroTest" classname="EvenOddCheckerTest" time="0.002">
    <system-out><![CDATA[Enter an Integer number:
Entered number is even
]]></system-out>
  </testcase>
  <testcase name="checkOddNumberTest" classname="EvenOddCheckerTest" time="0">
    <system-out><![CDATA[Enter an Integer number:
Entered number is odd
]]></system-out>
  </testcase>
  <testcase name="checkEvenNumberTest" classname="EvenOddCheckerTest" time="0.001">
    <system-out><![CDATA[Enter an Integer number:
Entered number is even
]]></system-out>
  </testcase>
</testsuite>