<?xml version="1.0" encoding="UTF-8"?>
<testsuite xmlns:xsi="http://www.w3.org/2001/XMLSchema-instance" xsi:noNamespaceSchemaLocation="https://maven.apache.org/surefire/maven-surefire-plugin/xsd/surefire-test-report-3.0.xsd" version="3.0" name="RectangleTests" time="0.002" tests="5" errors="0" skipped="0" failures="0">
  <properties>
[...]
</properties>
  <testcase name="testGetWidth" classname="RectangleTests" time="0"/>
  <testcase name="testGetArea" classname="RectangleTests" time="0"/>
  <testcase name="testSetLength" classname="RectangleTests" time="0"/>
  <testcase name="testGetLength" classname="RectangleTests" time="0"/>
  <testcase name="testSetWidth" classname="RectangleTests" time="0"/>
</testsuite>